<?xml version="1.0" encoding="UTF-8"?>
<!-- Generated by org.testng.reporters.JUnitXMLReporter -->
<testsuite ignored="0" hostname="DESKTOP-VR866RC" failures="0" tests="4" name="Test" time="5.349" errors="0" timestamp="16 Jul 2021 04:14:41 GMT">
  <testcase classname="parameter.Demo3" name="user" time="0.01"/>
  <testcase classname="parameter.DemoTest1" name="DashboardTest" time="0.01"/>
  <testcase classname="parameter.DemoTest" name="loginTest" time="3.407"/>
  <testcase classname="parameter.DemoTest" name="verifyTitle" time="1.916"/>
</testsuite> <!-- Test -->
