<?xml version="1.0" encoding="UTF-8"?>
<!-- Generated by org.testng.reporters.JUnitXMLReporter -->
<testsuite hostname="DESKTOP-VR866RC" ignored="0" name="Test" tests="6" failures="0" timestamp="13 Jul 2021 09:44:34 GMT" time="2.991" errors="0">
  <testcase name="test01" time="0.006" classname="testNg.TestNG1"/>
  <testcase name="test03" time="0.0" classname="testNg.TestNG1"/>
  <testcase name="loginTest" time="2.963" classname="testNg.TestNG2"/>
  <testcase name="DashTest" time="0.0" classname="testNg.TestNG2"/>
  <testcase name="testUser" time="0.0" classname="testNg.TestNG2"/>
  <testcase name="test02" time="0.0" classname="testNg.TestNG1"/>
</testsuite> <!-- Test -->
