<?xml version="1.0" encoding="UTF-8"?>
<testng-results ignored="0" total="1" passed="1" failed="0" skipped="0">
  <reporter-output>
  </reporter-output>
  <suite started-at="2021-07-29T09:58:40Z" name="Default suite" finished-at="2021-07-29T09:58:45Z" duration-ms="5323">
    <groups>
    </groups>
    <test started-at="2021-07-29T09:58:40Z" name="Default test" finished-at="2021-07-29T09:58:45Z" duration-ms="5323">
      <class name="javascriptExec.AmazonDemo">
        <test-method signature="amazonTest()[pri:0, instance:javascriptExec.AmazonDemo@198d6542]" started-at="2021-07-29T09:58:40Z" name="amazonTest" finished-at="2021-07-29T09:58:45Z" duration-ms="5304" status="PASS">
          <reporter-output>
          </reporter-output>
        </test-method> <!-- amazonTest -->
      </class> <!-- javascriptExec.AmazonDemo -->
    </test> <!-- Default test -->
  </suite> <!-- Default suite -->
</testng-results>
