<?xml version="1.0" encoding="UTF-8"?>
<testng-results ignored="0" total="1" passed="1" failed="0" skipped="0">
  <reporter-output>
  </reporter-output>
  <suite started-at="2021-08-09T16:43:09Z" name="Default suite" finished-at="2021-08-09T16:43:09Z" duration-ms="55">
    <groups>
    </groups>
    <test started-at="2021-08-09T16:43:09Z" name="Default test" finished-at="2021-08-09T16:43:09Z" duration-ms="55">
      <class name="actionclass.DemoTest">
        <test-method signature="test01()[pri:0, instance:actionclass.DemoTest@6304101a]" started-at="2021-08-09T16:43:09Z" name="test01" finished-at="2021-08-09T16:43:09Z" duration-ms="13" status="PASS">
          <reporter-output>
          </reporter-output>
        </test-method> <!-- test01 -->
      </class> <!-- actionclass.DemoTest -->
    </test> <!-- Default test -->
  </suite> <!-- Default suite -->
</testng-results>
